<?xml version="1.0" encoding="UTF-8"?>
<testsuite xmlns:xsi="http://www.w3.org/2001/XMLSchema-instance" xsi:noNamespaceSchemaLocation="https://maven.apache.org/surefire/maven-surefire-plugin/xsd/surefire-test-report-3.0.xsd" version="3.0" name="airline.RunCucumberTest" time="0.582" tests="18" errors="0" skipped="0" failures="5">
  <properties>
[...]
</properties>
  <testcase name="Example #1.1" classname="Examples" time="0.09">
    <system-out><![CDATA[
@TEST_BKD1-1952 @DemoDefault @TCD_Sync @TCD_Sync_Model_529
Scenario Outline: Valid Airplane Ticket Reservation_1                                      &amp#27;[90m# airline/1_BKD1-1952.feature:50&amp#27;[0m
  &amp#27;[32mGiven &amp#27;[0m&amp#27;[32mUser navigates to the ticket reservation application&amp#27;[0m                               &amp#27;[90m# airline.StepDefinitions.user_navigates_to_the_ticket_reservation_application()&amp#27;[0m
  &amp#27;[32mWhen &amp#27;[0m&amp#27;[32mUser books a flight from &amp#27;[0m&amp#27;[32m&amp#27;[1m"Portugal"&amp#27;[0m&amp#27;[32m to &amp#27;[0m&amp#27;[32m&amp#27;[1m"United States"&amp#27;[0m                              &amp#27;[90m# airline.StepDefinitions.userBooksAFlightFromFlyingFromToFlyingTo(java.lang.String,java.lang.String)&amp#27;[0m
  &amp#27;[32mAnd &amp#27;[0m&amp#27;[32mSelects &amp#27;[0m&amp#27;[32m&amp#27;[1m"Coach"&amp#27;[0m&amp#27;[32m class with &amp#27;[0m&amp#27;[32m&amp#27;[1m"None"&amp#27;[0m&amp#27;[32m baggage&amp#27;[0m                                            &amp#27;[90m# airline.StepDefinitions.selectsClassClassWithBaggageBaggage(java.lang.String,java.lang.String)&amp#27;[0m
  &amp#27;[32mAnd &amp#27;[0m&amp#27;[32mProvides the details for &amp#27;[0m&amp#27;[32m&amp#27;[1m"1"&amp#27;[0m&amp#27;[32m adult(s) with &amp#27;[0m&amp#27;[32m&amp#27;[1m"0"&amp#27;[0m&amp#27;[32m minor(s)&amp#27;[0m                              &amp#27;[90m# airline.StepDefinitions.providesTheDetailsForAdultsAdultsWithChildrenMinors(java.lang.String,java.lang.String)&amp#27;[0m
  &amp#27;[32mAnd &amp#27;[0m&amp#27;[32mChooses to pay with &amp#27;[0m&amp#27;[32m&amp#27;[1m"Credit Card"&amp#27;[0m&amp#27;[32m and clicks Buy&amp#27;[0m                                     &amp#27;[90m# airline.StepDefinitions.choosesToPayWithPaymentMethodAndClicksBuy(java.lang.String)&amp#27;[0m
  &amp#27;[32mThen &amp#27;[0m&amp#27;[32mTicket reservation with the appropriate details appears in the reservation database&amp#27;[0m &amp#27;[90m# airline.StepDefinitions.ticket_reservation_with_the_appropriate_details_appears_in_the_reservation_database()&amp#27;[0m
]]></system-out>
  </testcase>
  <testcase name="Example #1.2" classname="Examples" time="0.015">
    <system-out><![CDATA[
@TEST_BKD1-1952 @DemoDefault @TCD_Sync @TCD_Sync_Model_529
Scenario Outline: Valid Airplane Ticket Reservation_1                                      &amp#27;[90m# airline/1_BKD1-1952.feature:51&amp#27;[0m
  &amp#27;[32mGiven &amp#27;[0m&amp#27;[32mUser navigates to the ticket reservation application&amp#27;[0m                               &amp#27;[90m# airline.StepDefinitions.user_navigates_to_the_ticket_reservation_application()&amp#27;[0m
  &amp#27;[32mWhen &amp#27;[0m&amp#27;[32mUser books a flight from &amp#27;[0m&amp#27;[32m&amp#27;[1m"United States"&amp#27;[0m&amp#27;[32m to &amp#27;[0m&amp#27;[32m&amp#27;[1m"India"&amp#27;[0m                                 &amp#27;[90m# airline.StepDefinitions.userBooksAFlightFromFlyingFromToFlyingTo(java.lang.String,java.lang.String)&amp#27;[0m
  &amp#27;[32mAnd &amp#27;[0m&amp#27;[32mSelects &amp#27;[0m&amp#27;[32m&amp#27;[1m"Business"&amp#27;[0m&amp#27;[32m class with &amp#27;[0m&amp#27;[32m&amp#27;[1m"Cabin"&amp#27;[0m&amp#27;[32m baggage&amp#27;[0m                                        &amp#27;[90m# airline.StepDefinitions.selectsClassClassWithBaggageBaggage(java.lang.String,java.lang.String)&amp#27;[0m
  &amp#27;[32mAnd &amp#27;[0m&amp#27;[32mProvides the details for &amp#27;[0m&amp#27;[32m&amp#27;[1m"2"&amp#27;[0m&amp#27;[32m adult(s) with &amp#27;[0m&amp#27;[32m&amp#27;[1m"1"&amp#27;[0m&amp#27;[32m minor(s)&amp#27;[0m                              &amp#27;[90m# airline.StepDefinitions.providesTheDetailsForAdultsAdultsWithChildrenMinors(java.lang.String,java.lang.String)&amp#27;[0m
  &amp#27;[32mAnd &amp#27;[0m&amp#27;[32mChooses to pay with &amp#27;[0m&amp#27;[32m&amp#27;[1m"Bank Transfer"&amp#27;[0m&amp#27;[32m and clicks Buy&amp#27;[0m                                   &amp#27;[90m# airline.StepDefinitions.choosesToPayWithPaymentMethodAndClicksBuy(java.lang.String)&amp#27;[0m
  &amp#27;[32mThen &amp#27;[0m&amp#27;[32mTicket reservation with the appropriate details appears in the reservation database&amp#27;[0m &amp#27;[90m# airline.StepDefinitions.ticket_reservation_with_the_appropriate_details_appears_in_the_reservation_database()&amp#27;[0m
]]></system-out>
  </testcase>
  <testcase name="Example #1.3" classname="Examples" time="0.013">
    <failure message="When travelling with children, custormer will not be able to pay with crypto" type="java.lang.AssertionError"><![CDATA[java.lang.AssertionError: When travelling with children, custormer will not be able to pay with crypto
	at airline.StepDefinitions.choosesToPayWithPaymentMethodAndClicksBuy(StepDefinitions.java:47)
	at ✽.Chooses to pay with "Crypto" and clicks Buy(classpath:airline/1_BKD1-1952.feature:46)
]]></failure>
    <system-out><![CDATA[
@TEST_BKD1-1952 @DemoDefault @TCD_Sync @TCD_Sync_Model_529
Scenario Outline: Valid Airplane Ticket Reservation_1                                      &amp#27;[90m# airline/1_BKD1-1952.feature:52&amp#27;[0m
  &amp#27;[32mGiven &amp#27;[0m&amp#27;[32mUser navigates to the ticket reservation application&amp#27;[0m                               &amp#27;[90m# airline.StepDefinitions.user_navigates_to_the_ticket_reservation_application()&amp#27;[0m
  &amp#27;[32mWhen &amp#27;[0m&amp#27;[32mUser books a flight from &amp#27;[0m&amp#27;[32m&amp#27;[1m"India"&amp#27;[0m&amp#27;[32m to &amp#27;[0m&amp#27;[32m&amp#27;[1m"Portugal"&amp#27;[0m                                      &amp#27;[90m# airline.StepDefinitions.userBooksAFlightFromFlyingFromToFlyingTo(java.lang.String,java.lang.String)&amp#27;[0m
  &amp#27;[32mAnd &amp#27;[0m&amp#27;[32mSelects &amp#27;[0m&amp#27;[32m&amp#27;[1m"First"&amp#27;[0m&amp#27;[32m class with &amp#27;[0m&amp#27;[32m&amp#27;[1m"Hold"&amp#27;[0m&amp#27;[32m baggage&amp#27;[0m                                            &amp#27;[90m# airline.StepDefinitions.selectsClassClassWithBaggageBaggage(java.lang.String,java.lang.String)&amp#27;[0m
  &amp#27;[32mAnd &amp#27;[0m&amp#27;[32mProvides the details for &amp#27;[0m&amp#27;[32m&amp#27;[1m"More than 2"&amp#27;[0m&amp#27;[32m adult(s) with &amp#27;[0m&amp#27;[32m&amp#27;[1m"More than 1"&amp#27;[0m&amp#27;[32m minor(s)&amp#27;[0m          &amp#27;[90m# airline.StepDefinitions.providesTheDetailsForAdultsAdultsWithChildrenMinors(java.lang.String,java.lang.String)&amp#27;[0m
  &amp#27;[31mAnd &amp#27;[0m&amp#27;[31mChooses to pay with &amp#27;[0m&amp#27;[31m&amp#27;[1m"Crypto"&amp#27;[0m&amp#27;[31m and clicks Buy&amp#27;[0m                                          &amp#27;[90m# airline.StepDefinitions.choosesToPayWithPaymentMethodAndClicksBuy(java.lang.String)&amp#27;[0m
      &amp#27;[31mjava.lang.AssertionError: When travelling with children, custormer will not be able to pay with crypto
	at airline.StepDefinitions.choosesToPayWithPaymentMethodAndClicksBuy(StepDefinitions.java:47)
	at ✽.Chooses to pay with "Crypto" and clicks Buy(classpath:airline/1_BKD1-1952.feature:46)
&amp#27;[0m
  &amp#27;[36mThen &amp#27;[0m&amp#27;[36mTicket reservation with the appropriate details appears in the reservation database&amp#27;[0m &amp#27;[90m# airline.StepDefinitions.ticket_reservation_with_the_appropriate_details_appears_in_the_reservation_database()&amp#27;[0m
]]></system-out>
  </testcase>
  <testcase name="Example #1.4" classname="Examples" time="0.0">
    <system-out><![CDATA[
@TEST_BKD1-1952 @DemoDefault @TCD_Sync @TCD_Sync_Model_529
Scenario Outline: Valid Airplane Ticket Reservation_1                                      &amp#27;[90m# airline/1_BKD1-1952.feature:53&amp#27;[0m
  &amp#27;[32mGiven &amp#27;[0m&amp#27;[32mUser navigates to the ticket reservation application&amp#27;[0m                               &amp#27;[90m# airline.StepDefinitions.user_navigates_to_the_ticket_reservation_application()&amp#27;[0m
  &amp#27;[32mWhen &amp#27;[0m&amp#27;[32mUser books a flight from &amp#27;[0m&amp#27;[32m&amp#27;[1m"India"&amp#27;[0m&amp#27;[32m to &amp#27;[0m&amp#27;[32m&amp#27;[1m"Portugal"&amp#27;[0m                                      &amp#27;[90m# airline.StepDefinitions.userBooksAFlightFromFlyingFromToFlyingTo(java.lang.String,java.lang.String)&amp#27;[0m
  &amp#27;[32mAnd &amp#27;[0m&amp#27;[32mSelects &amp#27;[0m&amp#27;[32m&amp#27;[1m"Business"&amp#27;[0m&amp#27;[32m class with &amp#27;[0m&amp#27;[32m&amp#27;[1m"Cabin"&amp#27;[0m&amp#27;[32m baggage&amp#27;[0m                                        &amp#27;[90m# airline.StepDefinitions.selectsClassClassWithBaggageBaggage(java.lang.String,java.lang.String)&amp#27;[0m
  &amp#27;[32mAnd &amp#27;[0m&amp#27;[32mProvides the details for &amp#27;[0m&amp#27;[32m&amp#27;[1m"1"&amp#27;[0m&amp#27;[32m adult(s) with &amp#27;[0m&amp#27;[32m&amp#27;[1m"More than 1"&amp#27;[0m&amp#27;[32m minor(s)&amp#27;[0m                    &amp#27;[90m# airline.StepDefinitions.providesTheDetailsForAdultsAdultsWithChildrenMinors(java.lang.String,java.lang.String)&amp#27;[0m
  &amp#27;[32mAnd &amp#27;[0m&amp#27;[32mChooses to pay with &amp#27;[0m&amp#27;[32m&amp#27;[1m"Credit Card"&amp#27;[0m&amp#27;[32m and clicks Buy&amp#27;[0m                                     &amp#27;[90m# airline.StepDefinitions.choosesToPayWithPaymentMethodAndClicksBuy(java.lang.String)&amp#27;[0m
  &amp#27;[32mThen &amp#27;[0m&amp#27;[32mTicket reservation with the appropriate details appears in the reservation database&amp#27;[0m &amp#27;[90m# airline.StepDefinitions.ticket_reservation_with_the_appropriate_details_appears_in_the_reservation_database()&amp#27;[0m
]]></system-out>
  </testcase>
  <testcase name="Example #1.5" classname="Examples" time="0.018">
    <system-out><![CDATA[
@TEST_BKD1-1952 @DemoDefault @TCD_Sync @TCD_Sync_Model_529
Scenario Outline: Valid Airplane Ticket Reservation_1                                      &amp#27;[90m# airline/1_BKD1-1952.feature:54&amp#27;[0m
  &amp#27;[32mGiven &amp#27;[0m&amp#27;[32mUser navigates to the ticket reservation application&amp#27;[0m                               &amp#27;[90m# airline.StepDefinitions.user_navigates_to_the_ticket_reservation_application()&amp#27;[0m
  &amp#27;[32mWhen &amp#27;[0m&amp#27;[32mUser books a flight from &amp#27;[0m&amp#27;[32m&amp#27;[1m"Portugal"&amp#27;[0m&amp#27;[32m to &amp#27;[0m&amp#27;[32m&amp#27;[1m"United States"&amp#27;[0m                              &amp#27;[90m# airline.StepDefinitions.userBooksAFlightFromFlyingFromToFlyingTo(java.lang.String,java.lang.String)&amp#27;[0m
  &amp#27;[32mAnd &amp#27;[0m&amp#27;[32mSelects &amp#27;[0m&amp#27;[32m&amp#27;[1m"First"&amp#27;[0m&amp#27;[32m class with &amp#27;[0m&amp#27;[32m&amp#27;[1m"Hold"&amp#27;[0m&amp#27;[32m baggage&amp#27;[0m                                            &amp#27;[90m# airline.StepDefinitions.selectsClassClassWithBaggageBaggage(java.lang.String,java.lang.String)&amp#27;[0m
  &amp#27;[32mAnd &amp#27;[0m&amp#27;[32mProvides the details for &amp#27;[0m&amp#27;[32m&amp#27;[1m"2"&amp#27;[0m&amp#27;[32m adult(s) with &amp#27;[0m&amp#27;[32m&amp#27;[1m"0"&amp#27;[0m&amp#27;[32m minor(s)&amp#27;[0m                              &amp#27;[90m# airline.StepDefinitions.providesTheDetailsForAdultsAdultsWithChildrenMinors(java.lang.String,java.lang.String)&amp#27;[0m
  &amp#27;[32mAnd &amp#27;[0m&amp#27;[32mChooses to pay with &amp#27;[0m&amp#27;[32m&amp#27;[1m"Bank Transfer"&amp#27;[0m&amp#27;[32m and clicks Buy&amp#27;[0m                                   &amp#27;[90m# airline.StepDefinitions.choosesToPayWithPaymentMethodAndClicksBuy(java.lang.String)&amp#27;[0m
  &amp#27;[32mThen &amp#27;[0m&amp#27;[32mTicket reservation with the appropriate details appears in the reservation database&amp#27;[0m &amp#27;[90m# airline.StepDefinitions.ticket_reservation_with_the_appropriate_details_appears_in_the_reservation_database()&amp#27;[0m
]]></system-out>
  </testcase>
  <testcase name="Example #1.6" classname="Examples" time="0.013">
    <failure message="When travelling with children, custormer will not be able to pay with crypto" type="java.lang.AssertionError"><![CDATA[java.lang.AssertionError: When travelling with children, custormer will not be able to pay with crypto
	at airline.StepDefinitions.choosesToPayWithPaymentMethodAndClicksBuy(StepDefinitions.java:47)
	at ✽.Chooses to pay with "Crypto" and clicks Buy(classpath:airline/1_BKD1-1952.feature:46)
]]></failure>
    <system-out><![CDATA[
@TEST_BKD1-1952 @DemoDefault @TCD_Sync @TCD_Sync_Model_529
Scenario Outline: Valid Airplane Ticket Reservation_1                                      &amp#27;[90m# airline/1_BKD1-1952.feature:55&amp#27;[0m
  &amp#27;[32mGiven &amp#27;[0m&amp#27;[32mUser navigates to the ticket reservation application&amp#27;[0m                               &amp#27;[90m# airline.StepDefinitions.user_navigates_to_the_ticket_reservation_application()&amp#27;[0m
  &amp#27;[32mWhen &amp#27;[0m&amp#27;[32mUser books a flight from &amp#27;[0m&amp#27;[32m&amp#27;[1m"United States"&amp#27;[0m&amp#27;[32m to &amp#27;[0m&amp#27;[32m&amp#27;[1m"India"&amp#27;[0m                                 &amp#27;[90m# airline.StepDefinitions.userBooksAFlightFromFlyingFromToFlyingTo(java.lang.String,java.lang.String)&amp#27;[0m
  &amp#27;[32mAnd &amp#27;[0m&amp#27;[32mSelects &amp#27;[0m&amp#27;[32m&amp#27;[1m"Coach"&amp#27;[0m&amp#27;[32m class with &amp#27;[0m&amp#27;[32m&amp#27;[1m"None"&amp#27;[0m&amp#27;[32m baggage&amp#27;[0m                                            &amp#27;[90m# airline.StepDefinitions.selectsClassClassWithBaggageBaggage(java.lang.String,java.lang.String)&amp#27;[0m
  &amp#27;[32mAnd &amp#27;[0m&amp#27;[32mProvides the details for &amp#27;[0m&amp#27;[32m&amp#27;[1m"More than 2"&amp#27;[0m&amp#27;[32m adult(s) with &amp#27;[0m&amp#27;[32m&amp#27;[1m"1"&amp#27;[0m&amp#27;[32m minor(s)&amp#27;[0m                    &amp#27;[90m# airline.StepDefinitions.providesTheDetailsForAdultsAdultsWithChildrenMinors(java.lang.String,java.lang.String)&amp#27;[0m
  &amp#27;[31mAnd &amp#27;[0m&amp#27;[31mChooses to pay with &amp#27;[0m&amp#27;[31m&amp#27;[1m"Crypto"&amp#27;[0m&amp#27;[31m and clicks Buy&amp#27;[0m                                          &amp#27;[90m# airline.StepDefinitions.choosesToPayWithPaymentMethodAndClicksBuy(java.lang.String)&amp#27;[0m
      &amp#27;[31mjava.lang.AssertionError: When travelling with children, custormer will not be able to pay with crypto
	at airline.StepDefinitions.choosesToPayWithPaymentMethodAndClicksBuy(StepDefinitions.java:47)
	at ✽.Chooses to pay with "Crypto" and clicks Buy(classpath:airline/1_BKD1-1952.feature:46)
&amp#27;[0m
  &amp#27;[36mThen &amp#27;[0m&amp#27;[36mTicket reservation with the appropriate details appears in the reservation database&amp#27;[0m &amp#27;[90m# airline.StepDefinitions.ticket_reservation_with_the_appropriate_details_appears_in_the_reservation_database()&amp#27;[0m
]]></system-out>
  </testcase>
  <testcase name="Example #1.7" classname="Examples" time="0.003">
    <system-out><![CDATA[
@TEST_BKD1-1952 @DemoDefault @TCD_Sync @TCD_Sync_Model_529
Scenario Outline: Valid Airplane Ticket Reservation_1                                      &amp#27;[90m# airline/1_BKD1-1952.feature:56&amp#27;[0m
  &amp#27;[32mGiven &amp#27;[0m&amp#27;[32mUser navigates to the ticket reservation application&amp#27;[0m                               &amp#27;[90m# airline.StepDefinitions.user_navigates_to_the_ticket_reservation_application()&amp#27;[0m
  &amp#27;[32mWhen &amp#27;[0m&amp#27;[32mUser books a flight from &amp#27;[0m&amp#27;[32m&amp#27;[1m"Portugal"&amp#27;[0m&amp#27;[32m to &amp#27;[0m&amp#27;[32m&amp#27;[1m"United States"&amp#27;[0m                              &amp#27;[90m# airline.StepDefinitions.userBooksAFlightFromFlyingFromToFlyingTo(java.lang.String,java.lang.String)&amp#27;[0m
  &amp#27;[32mAnd &amp#27;[0m&amp#27;[32mSelects &amp#27;[0m&amp#27;[32m&amp#27;[1m"Business"&amp#27;[0m&amp#27;[32m class with &amp#27;[0m&amp#27;[32m&amp#27;[1m"Cabin"&amp#27;[0m&amp#27;[32m baggage&amp#27;[0m                                        &amp#27;[90m# airline.StepDefinitions.selectsClassClassWithBaggageBaggage(java.lang.String,java.lang.String)&amp#27;[0m
  &amp#27;[32mAnd &amp#27;[0m&amp#27;[32mProvides the details for &amp#27;[0m&amp#27;[32m&amp#27;[1m"More than 2"&amp#27;[0m&amp#27;[32m adult(s) with &amp#27;[0m&amp#27;[32m&amp#27;[1m"0"&amp#27;[0m&amp#27;[32m minor(s)&amp#27;[0m                    &amp#27;[90m# airline.StepDefinitions.providesTheDetailsForAdultsAdultsWithChildrenMinors(java.lang.String,java.lang.String)&amp#27;[0m
  &amp#27;[32mAnd &amp#27;[0m&amp#27;[32mChooses to pay with &amp#27;[0m&amp#27;[32m&amp#27;[1m"Crypto"&amp#27;[0m&amp#27;[32m and clicks Buy&amp#27;[0m                                          &amp#27;[90m# airline.StepDefinitions.choosesToPayWithPaymentMethodAndClicksBuy(java.lang.String)&amp#27;[0m
  &amp#27;[32mThen &amp#27;[0m&amp#27;[32mTicket reservation with the appropriate details appears in the reservation database&amp#27;[0m &amp#27;[90m# airline.StepDefinitions.ticket_reservation_with_the_appropriate_details_appears_in_the_reservation_database()&amp#27;[0m
]]></system-out>
  </testcase>
  <testcase name="Example #1.8" classname="Examples" time="0.015">
    <system-out><![CDATA[
@TEST_BKD1-1952 @DemoDefault @TCD_Sync @TCD_Sync_Model_529
Scenario Outline: Valid Airplane Ticket Reservation_1                                      &amp#27;[90m# airline/1_BKD1-1952.feature:57&amp#27;[0m
  &amp#27;[32mGiven &amp#27;[0m&amp#27;[32mUser navigates to the ticket reservation application&amp#27;[0m                               &amp#27;[90m# airline.StepDefinitions.user_navigates_to_the_ticket_reservation_application()&amp#27;[0m
  &amp#27;[32mWhen &amp#27;[0m&amp#27;[32mUser books a flight from &amp#27;[0m&amp#27;[32m&amp#27;[1m"United States"&amp#27;[0m&amp#27;[32m to &amp#27;[0m&amp#27;[32m&amp#27;[1m"India"&amp#27;[0m                                 &amp#27;[90m# airline.StepDefinitions.userBooksAFlightFromFlyingFromToFlyingTo(java.lang.String,java.lang.String)&amp#27;[0m
  &amp#27;[32mAnd &amp#27;[0m&amp#27;[32mSelects &amp#27;[0m&amp#27;[32m&amp#27;[1m"First"&amp#27;[0m&amp#27;[32m class with &amp#27;[0m&amp#27;[32m&amp#27;[1m"Hold"&amp#27;[0m&amp#27;[32m baggage&amp#27;[0m                                            &amp#27;[90m# airline.StepDefinitions.selectsClassClassWithBaggageBaggage(java.lang.String,java.lang.String)&amp#27;[0m
  &amp#27;[32mAnd &amp#27;[0m&amp#27;[32mProvides the details for &amp#27;[0m&amp#27;[32m&amp#27;[1m"1"&amp#27;[0m&amp#27;[32m adult(s) with &amp#27;[0m&amp#27;[32m&amp#27;[1m"1"&amp#27;[0m&amp#27;[32m minor(s)&amp#27;[0m                              &amp#27;[90m# airline.StepDefinitions.providesTheDetailsForAdultsAdultsWithChildrenMinors(java.lang.String,java.lang.String)&amp#27;[0m
  &amp#27;[32mAnd &amp#27;[0m&amp#27;[32mChooses to pay with &amp#27;[0m&amp#27;[32m&amp#27;[1m"Credit Card"&amp#27;[0m&amp#27;[32m and clicks Buy&amp#27;[0m                                     &amp#27;[90m# airline.StepDefinitions.choosesToPayWithPaymentMethodAndClicksBuy(java.lang.String)&amp#27;[0m
  &amp#27;[32mThen &amp#27;[0m&amp#27;[32mTicket reservation with the appropriate details appears in the reservation database&amp#27;[0m &amp#27;[90m# airline.StepDefinitions.ticket_reservation_with_the_appropriate_details_appears_in_the_reservation_database()&amp#27;[0m
]]></system-out>
  </testcase>
  <testcase name="Example #1.9" classname="Examples" time="0.012">
    <system-out><![CDATA[
@TEST_BKD1-1952 @DemoDefault @TCD_Sync @TCD_Sync_Model_529
Scenario Outline: Valid Airplane Ticket Reservation_1                                      &amp#27;[90m# airline/1_BKD1-1952.feature:58&amp#27;[0m
  &amp#27;[32mGiven &amp#27;[0m&amp#27;[32mUser navigates to the ticket reservation application&amp#27;[0m                               &amp#27;[90m# airline.StepDefinitions.user_navigates_to_the_ticket_reservation_application()&amp#27;[0m
  &amp#27;[32mWhen &amp#27;[0m&amp#27;[32mUser books a flight from &amp#27;[0m&amp#27;[32m&amp#27;[1m"India"&amp#27;[0m&amp#27;[32m to &amp#27;[0m&amp#27;[32m&amp#27;[1m"Portugal"&amp#27;[0m                                      &amp#27;[90m# airline.StepDefinitions.userBooksAFlightFromFlyingFromToFlyingTo(java.lang.String,java.lang.String)&amp#27;[0m
  &amp#27;[32mAnd &amp#27;[0m&amp#27;[32mSelects &amp#27;[0m&amp#27;[32m&amp#27;[1m"Coach"&amp#27;[0m&amp#27;[32m class with &amp#27;[0m&amp#27;[32m&amp#27;[1m"None"&amp#27;[0m&amp#27;[32m baggage&amp#27;[0m                                            &amp#27;[90m# airline.StepDefinitions.selectsClassClassWithBaggageBaggage(java.lang.String,java.lang.String)&amp#27;[0m
  &amp#27;[32mAnd &amp#27;[0m&amp#27;[32mProvides the details for &amp#27;[0m&amp#27;[32m&amp#27;[1m"2"&amp#27;[0m&amp#27;[32m adult(s) with &amp#27;[0m&amp#27;[32m&amp#27;[1m"More than 1"&amp#27;[0m&amp#27;[32m minor(s)&amp#27;[0m                    &amp#27;[90m# airline.StepDefinitions.providesTheDetailsForAdultsAdultsWithChildrenMinors(java.lang.String,java.lang.String)&amp#27;[0m
  &amp#27;[32mAnd &amp#27;[0m&amp#27;[32mChooses to pay with &amp#27;[0m&amp#27;[32m&amp#27;[1m"Bank Transfer"&amp#27;[0m&amp#27;[32m and clicks Buy&amp#27;[0m                                   &amp#27;[90m# airline.StepDefinitions.choosesToPayWithPaymentMethodAndClicksBuy(java.lang.String)&amp#27;[0m
  &amp#27;[32mThen &amp#27;[0m&amp#27;[32mTicket reservation with the appropriate details appears in the reservation database&amp#27;[0m &amp#27;[90m# airline.StepDefinitions.ticket_reservation_with_the_appropriate_details_appears_in_the_reservation_database()&amp#27;[0m
]]></system-out>
  </testcase>
  <testcase name="Example #1.10" classname="Examples" time="0.007">
    <system-out><![CDATA[
@TEST_BKD1-1952 @DemoDefault @TCD_Sync @TCD_Sync_Model_529
Scenario Outline: Valid Airplane Ticket Reservation_1                                      &amp#27;[90m# airline/1_BKD1-1952.feature:59&amp#27;[0m
  &amp#27;[32mGiven &amp#27;[0m&amp#27;[32mUser navigates to the ticket reservation application&amp#27;[0m                               &amp#27;[90m# airline.StepDefinitions.user_navigates_to_the_ticket_reservation_application()&amp#27;[0m
  &amp#27;[32mWhen &amp#27;[0m&amp#27;[32mUser books a flight from &amp#27;[0m&amp#27;[32m&amp#27;[1m"United States"&amp#27;[0m&amp#27;[32m to &amp#27;[0m&amp#27;[32m&amp#27;[1m"India"&amp#27;[0m                                 &amp#27;[90m# airline.StepDefinitions.userBooksAFlightFromFlyingFromToFlyingTo(java.lang.String,java.lang.String)&amp#27;[0m
  &amp#27;[32mAnd &amp#27;[0m&amp#27;[32mSelects &amp#27;[0m&amp#27;[32m&amp#27;[1m"Coach"&amp#27;[0m&amp#27;[32m class with &amp#27;[0m&amp#27;[32m&amp#27;[1m"Hold"&amp#27;[0m&amp#27;[32m baggage&amp#27;[0m                                            &amp#27;[90m# airline.StepDefinitions.selectsClassClassWithBaggageBaggage(java.lang.String,java.lang.String)&amp#27;[0m
  &amp#27;[32mAnd &amp#27;[0m&amp#27;[32mProvides the details for &amp#27;[0m&amp#27;[32m&amp#27;[1m"More than 2"&amp#27;[0m&amp#27;[32m adult(s) with &amp#27;[0m&amp#27;[32m&amp#27;[1m"0"&amp#27;[0m&amp#27;[32m minor(s)&amp#27;[0m                    &amp#27;[90m# airline.StepDefinitions.providesTheDetailsForAdultsAdultsWithChildrenMinors(java.lang.String,java.lang.String)&amp#27;[0m
  &amp#27;[32mAnd &amp#27;[0m&amp#27;[32mChooses to pay with &amp#27;[0m&amp#27;[32m&amp#27;[1m"Credit Card"&amp#27;[0m&amp#27;[32m and clicks Buy&amp#27;[0m                                     &amp#27;[90m# airline.StepDefinitions.choosesToPayWithPaymentMethodAndClicksBuy(java.lang.String)&amp#27;[0m
  &amp#27;[32mThen &amp#27;[0m&amp#27;[32mTicket reservation with the appropriate details appears in the reservation database&amp#27;[0m &amp#27;[90m# airline.StepDefinitions.ticket_reservation_with_the_appropriate_details_appears_in_the_reservation_database()&amp#27;[0m
]]></system-out>
  </testcase>
  <testcase name="Example #1.11" classname="Examples" time="0.012">
    <system-out><![CDATA[
@TEST_BKD1-1952 @DemoDefault @TCD_Sync @TCD_Sync_Model_529
Scenario Outline: Valid Airplane Ticket Reservation_1                                      &amp#27;[90m# airline/1_BKD1-1952.feature:60&amp#27;[0m
  &amp#27;[32mGiven &amp#27;[0m&amp#27;[32mUser navigates to the ticket reservation application&amp#27;[0m                               &amp#27;[90m# airline.StepDefinitions.user_navigates_to_the_ticket_reservation_application()&amp#27;[0m
  &amp#27;[32mWhen &amp#27;[0m&amp#27;[32mUser books a flight from &amp#27;[0m&amp#27;[32m&amp#27;[1m"Portugal"&amp#27;[0m&amp#27;[32m to &amp#27;[0m&amp#27;[32m&amp#27;[1m"India"&amp#27;[0m                                      &amp#27;[90m# airline.StepDefinitions.userBooksAFlightFromFlyingFromToFlyingTo(java.lang.String,java.lang.String)&amp#27;[0m
  &amp#27;[32mAnd &amp#27;[0m&amp#27;[32mSelects &amp#27;[0m&amp#27;[32m&amp#27;[1m"Business"&amp#27;[0m&amp#27;[32m class with &amp#27;[0m&amp#27;[32m&amp#27;[1m"None"&amp#27;[0m&amp#27;[32m baggage&amp#27;[0m                                         &amp#27;[90m# airline.StepDefinitions.selectsClassClassWithBaggageBaggage(java.lang.String,java.lang.String)&amp#27;[0m
  &amp#27;[32mAnd &amp#27;[0m&amp#27;[32mProvides the details for &amp#27;[0m&amp#27;[32m&amp#27;[1m"1"&amp#27;[0m&amp#27;[32m adult(s) with &amp#27;[0m&amp#27;[32m&amp#27;[1m"More than 1"&amp#27;[0m&amp#27;[32m minor(s)&amp#27;[0m                    &amp#27;[90m# airline.StepDefinitions.providesTheDetailsForAdultsAdultsWithChildrenMinors(java.lang.String,java.lang.String)&amp#27;[0m
  &amp#27;[32mAnd &amp#27;[0m&amp#27;[32mChooses to pay with &amp#27;[0m&amp#27;[32m&amp#27;[1m"Bank Transfer"&amp#27;[0m&amp#27;[32m and clicks Buy&amp#27;[0m                                   &amp#27;[90m# airline.StepDefinitions.choosesToPayWithPaymentMethodAndClicksBuy(java.lang.String)&amp#27;[0m
  &amp#27;[32mThen &amp#27;[0m&amp#27;[32mTicket reservation with the appropriate details appears in the reservation database&amp#27;[0m &amp#27;[90m# airline.StepDefinitions.ticket_reservation_with_the_appropriate_details_appears_in_the_reservation_database()&amp#27;[0m
]]></system-out>
  </testcase>
  <testcase name="Example #1.12" classname="Examples" time="0.0">
    <failure message="When travelling with children, custormer will not be able to pay with crypto" type="java.lang.AssertionError"><![CDATA[java.lang.AssertionError: When travelling with children, custormer will not be able to pay with crypto
	at airline.StepDefinitions.choosesToPayWithPaymentMethodAndClicksBuy(StepDefinitions.java:47)
	at ✽.Chooses to pay with "Crypto" and clicks Buy(classpath:airline/1_BKD1-1952.feature:46)
]]></failure>
    <system-out><![CDATA[
@TEST_BKD1-1952 @DemoDefault @TCD_Sync @TCD_Sync_Model_529
Scenario Outline: Valid Airplane Ticket Reservation_1                                      &amp#27;[90m# airline/1_BKD1-1952.feature:61&amp#27;[0m
  &amp#27;[32mGiven &amp#27;[0m&amp#27;[32mUser navigates to the ticket reservation application&amp#27;[0m                               &amp#27;[90m# airline.StepDefinitions.user_navigates_to_the_ticket_reservation_application()&amp#27;[0m
  &amp#27;[32mWhen &amp#27;[0m&amp#27;[32mUser books a flight from &amp#27;[0m&amp#27;[32m&amp#27;[1m"India"&amp#27;[0m&amp#27;[32m to &amp#27;[0m&amp#27;[32m&amp#27;[1m"United States"&amp#27;[0m                                 &amp#27;[90m# airline.StepDefinitions.userBooksAFlightFromFlyingFromToFlyingTo(java.lang.String,java.lang.String)&amp#27;[0m
  &amp#27;[32mAnd &amp#27;[0m&amp#27;[32mSelects &amp#27;[0m&amp#27;[32m&amp#27;[1m"First"&amp#27;[0m&amp#27;[32m class with &amp#27;[0m&amp#27;[32m&amp#27;[1m"Cabin"&amp#27;[0m&amp#27;[32m baggage&amp#27;[0m                                           &amp#27;[90m# airline.StepDefinitions.selectsClassClassWithBaggageBaggage(java.lang.String,java.lang.String)&amp#27;[0m
  &amp#27;[32mAnd &amp#27;[0m&amp#27;[32mProvides the details for &amp#27;[0m&amp#27;[32m&amp#27;[1m"2"&amp#27;[0m&amp#27;[32m adult(s) with &amp#27;[0m&amp#27;[32m&amp#27;[1m"1"&amp#27;[0m&amp#27;[32m minor(s)&amp#27;[0m                              &amp#27;[90m# airline.StepDefinitions.providesTheDetailsForAdultsAdultsWithChildrenMinors(java.lang.String,java.lang.String)&amp#27;[0m
  &amp#27;[31mAnd &amp#27;[0m&amp#27;[31mChooses to pay with &amp#27;[0m&amp#27;[31m&amp#27;[1m"Crypto"&amp#27;[0m&amp#27;[31m and clicks Buy&amp#27;[0m                                          &amp#27;[90m# airline.StepDefinitions.choosesToPayWithPaymentMethodAndClicksBuy(java.lang.String)&amp#27;[0m
      &amp#27;[31mjava.lang.AssertionError: When travelling with children, custormer will not be able to pay with crypto
	at airline.StepDefinitions.choosesToPayWithPaymentMethodAndClicksBuy(StepDefinitions.java:47)
	at ✽.Chooses to pay with "Crypto" and clicks Buy(classpath:airline/1_BKD1-1952.feature:46)
&amp#27;[0m
  &amp#27;[36mThen &amp#27;[0m&amp#27;[36mTicket reservation with the appropriate details appears in the reservation database&amp#27;[0m &amp#27;[90m# airline.StepDefinitions.ticket_reservation_with_the_appropriate_details_appears_in_the_reservation_database()&amp#27;[0m
]]></system-out>
  </testcase>
  <testcase name="Example #1.13" classname="Examples" time="0.017">
    <system-out><![CDATA[
@TEST_BKD1-1952 @DemoDefault @TCD_Sync @TCD_Sync_Model_529
Scenario Outline: Valid Airplane Ticket Reservation_1                                      &amp#27;[90m# airline/1_BKD1-1952.feature:62&amp#27;[0m
  &amp#27;[32mGiven &amp#27;[0m&amp#27;[32mUser navigates to the ticket reservation application&amp#27;[0m                               &amp#27;[90m# airline.StepDefinitions.user_navigates_to_the_ticket_reservation_application()&amp#27;[0m
  &amp#27;[32mWhen &amp#27;[0m&amp#27;[32mUser books a flight from &amp#27;[0m&amp#27;[32m&amp#27;[1m"United States"&amp#27;[0m&amp#27;[32m to &amp#27;[0m&amp#27;[32m&amp#27;[1m"Portugal"&amp#27;[0m                              &amp#27;[90m# airline.StepDefinitions.userBooksAFlightFromFlyingFromToFlyingTo(java.lang.String,java.lang.String)&amp#27;[0m
  &amp#27;[32mAnd &amp#27;[0m&amp#27;[32mSelects &amp#27;[0m&amp#27;[32m&amp#27;[1m"Coach"&amp#27;[0m&amp#27;[32m class with &amp#27;[0m&amp#27;[32m&amp#27;[1m"Cabin"&amp#27;[0m&amp#27;[32m baggage&amp#27;[0m                                           &amp#27;[90m# airline.StepDefinitions.selectsClassClassWithBaggageBaggage(java.lang.String,java.lang.String)&amp#27;[0m
  &amp#27;[32mAnd &amp#27;[0m&amp#27;[32mProvides the details for &amp#27;[0m&amp#27;[32m&amp#27;[1m"2"&amp#27;[0m&amp#27;[32m adult(s) with &amp#27;[0m&amp#27;[32m&amp#27;[1m"0"&amp#27;[0m&amp#27;[32m minor(s)&amp#27;[0m                              &amp#27;[90m# airline.StepDefinitions.providesTheDetailsForAdultsAdultsWithChildrenMinors(java.lang.String,java.lang.String)&amp#27;[0m
  &amp#27;[32mAnd &amp#27;[0m&amp#27;[32mChooses to pay with &amp#27;[0m&amp#27;[32m&amp#27;[1m"Credit Card"&amp#27;[0m&amp#27;[32m and clicks Buy&amp#27;[0m                                     &amp#27;[90m# airline.StepDefinitions.choosesToPayWithPaymentMethodAndClicksBuy(java.lang.String)&amp#27;[0m
  &amp#27;[32mThen &amp#27;[0m&amp#27;[32mTicket reservation with the appropriate details appears in the reservation database&amp#27;[0m &amp#27;[90m# airline.StepDefinitions.ticket_reservation_with_the_appropriate_details_appears_in_the_reservation_database()&amp#27;[0m
]]></system-out>
  </testcase>
  <testcase name="Example #1.14" classname="Examples" time="0.002">
    <failure message="When travelling with children, custormer will not be able to pay with crypto" type="java.lang.AssertionError"><![CDATA[java.lang.AssertionError: When travelling with children, custormer will not be able to pay with crypto
	at airline.StepDefinitions.choosesToPayWithPaymentMethodAndClicksBuy(StepDefinitions.java:47)
	at ✽.Chooses to pay with "Crypto" and clicks Buy(classpath:airline/1_BKD1-1952.feature:46)
]]></failure>
    <system-out><![CDATA[
@TEST_BKD1-1952 @DemoDefault @TCD_Sync @TCD_Sync_Model_529
Scenario Outline: Valid Airplane Ticket Reservation_1                                      &amp#27;[90m# airline/1_BKD1-1952.feature:63&amp#27;[0m
  &amp#27;[32mGiven &amp#27;[0m&amp#27;[32mUser navigates to the ticket reservation application&amp#27;[0m                               &amp#27;[90m# airline.StepDefinitions.user_navigates_to_the_ticket_reservation_application()&amp#27;[0m
  &amp#27;[32mWhen &amp#27;[0m&amp#27;[32mUser books a flight from &amp#27;[0m&amp#27;[32m&amp#27;[1m"Portugal"&amp#27;[0m&amp#27;[32m to &amp#27;[0m&amp#27;[32m&amp#27;[1m"United States"&amp#27;[0m                              &amp#27;[90m# airline.StepDefinitions.userBooksAFlightFromFlyingFromToFlyingTo(java.lang.String,java.lang.String)&amp#27;[0m
  &amp#27;[32mAnd &amp#27;[0m&amp#27;[32mSelects &amp#27;[0m&amp#27;[32m&amp#27;[1m"First"&amp#27;[0m&amp#27;[32m class with &amp#27;[0m&amp#27;[32m&amp#27;[1m"None"&amp#27;[0m&amp#27;[32m baggage&amp#27;[0m                                            &amp#27;[90m# airline.StepDefinitions.selectsClassClassWithBaggageBaggage(java.lang.String,java.lang.String)&amp#27;[0m
  &amp#27;[32mAnd &amp#27;[0m&amp#27;[32mProvides the details for &amp#27;[0m&amp#27;[32m&amp#27;[1m"1"&amp#27;[0m&amp#27;[32m adult(s) with &amp#27;[0m&amp#27;[32m&amp#27;[1m"1"&amp#27;[0m&amp#27;[32m minor(s)&amp#27;[0m                              &amp#27;[90m# airline.StepDefinitions.providesTheDetailsForAdultsAdultsWithChildrenMinors(java.lang.String,java.lang.String)&amp#27;[0m
  &amp#27;[31mAnd &amp#27;[0m&amp#27;[31mChooses to pay with &amp#27;[0m&amp#27;[31m&amp#27;[1m"Crypto"&amp#27;[0m&amp#27;[31m and clicks Buy&amp#27;[0m                                          &amp#27;[90m# airline.StepDefinitions.choosesToPayWithPaymentMethodAndClicksBuy(java.lang.String)&amp#27;[0m
      &amp#27;[31mjava.lang.AssertionError: When travelling with children, custormer will not be able to pay with crypto
	at airline.StepDefinitions.choosesToPayWithPaymentMethodAndClicksBuy(StepDefinitions.java:47)
	at ✽.Chooses to pay with "Crypto" and clicks Buy(classpath:airline/1_BKD1-1952.feature:46)
&amp#27;[0m
  &amp#27;[36mThen &amp#27;[0m&amp#27;[36mTicket reservation with the appropriate details appears in the reservation database&amp#27;[0m &amp#27;[90m# airline.StepDefinitions.ticket_reservation_with_the_appropriate_details_appears_in_the_reservation_database()&amp#27;[0m
]]></system-out>
  </testcase>
  <testcase name="Example #1.15" classname="Examples" time="0.011">
    <system-out><![CDATA[
@TEST_BKD1-1952 @DemoDefault @TCD_Sync @TCD_Sync_Model_529
Scenario Outline: Valid Airplane Ticket Reservation_1                                      &amp#27;[90m# airline/1_BKD1-1952.feature:64&amp#27;[0m
  &amp#27;[32mGiven &amp#27;[0m&amp#27;[32mUser navigates to the ticket reservation application&amp#27;[0m                               &amp#27;[90m# airline.StepDefinitions.user_navigates_to_the_ticket_reservation_application()&amp#27;[0m
  &amp#27;[32mWhen &amp#27;[0m&amp#27;[32mUser books a flight from &amp#27;[0m&amp#27;[32m&amp#27;[1m"India"&amp#27;[0m&amp#27;[32m to &amp#27;[0m&amp#27;[32m&amp#27;[1m"United States"&amp#27;[0m                                 &amp#27;[90m# airline.StepDefinitions.userBooksAFlightFromFlyingFromToFlyingTo(java.lang.String,java.lang.String)&amp#27;[0m
  &amp#27;[32mAnd &amp#27;[0m&amp#27;[32mSelects &amp#27;[0m&amp#27;[32m&amp#27;[1m"Business"&amp#27;[0m&amp#27;[32m class with &amp#27;[0m&amp#27;[32m&amp#27;[1m"Hold"&amp#27;[0m&amp#27;[32m baggage&amp#27;[0m                                         &amp#27;[90m# airline.StepDefinitions.selectsClassClassWithBaggageBaggage(java.lang.String,java.lang.String)&amp#27;[0m
  &amp#27;[32mAnd &amp#27;[0m&amp#27;[32mProvides the details for &amp#27;[0m&amp#27;[32m&amp#27;[1m"More than 2"&amp#27;[0m&amp#27;[32m adult(s) with &amp#27;[0m&amp#27;[32m&amp#27;[1m"More than 1"&amp#27;[0m&amp#27;[32m minor(s)&amp#27;[0m          &amp#27;[90m# airline.StepDefinitions.providesTheDetailsForAdultsAdultsWithChildrenMinors(java.lang.String,java.lang.String)&amp#27;[0m
  &amp#27;[32mAnd &amp#27;[0m&amp#27;[32mChooses to pay with &amp#27;[0m&amp#27;[32m&amp#27;[1m"Bank Transfer"&amp#27;[0m&amp#27;[32m and clicks Buy&amp#27;[0m                                   &amp#27;[90m# airline.StepDefinitions.choosesToPayWithPaymentMethodAndClicksBuy(java.lang.String)&amp#27;[0m
  &amp#27;[32mThen &amp#27;[0m&amp#27;[32mTicket reservation with the appropriate details appears in the reservation database&amp#27;[0m &amp#27;[90m# airline.StepDefinitions.ticket_reservation_with_the_appropriate_details_appears_in_the_reservation_database()&amp#27;[0m
]]></system-out>
  </testcase>
  <testcase name="Example #1.16" classname="Examples" time="0.005">
    <system-out><![CDATA[
@TEST_BKD1-1952 @DemoDefault @TCD_Sync @TCD_Sync_Model_529
Scenario Outline: Valid Airplane Ticket Reservation_1                                      &amp#27;[90m# airline/1_BKD1-1952.feature:65&amp#27;[0m
  &amp#27;[32mGiven &amp#27;[0m&amp#27;[32mUser navigates to the ticket reservation application&amp#27;[0m                               &amp#27;[90m# airline.StepDefinitions.user_navigates_to_the_ticket_reservation_application()&amp#27;[0m
  &amp#27;[32mWhen &amp#27;[0m&amp#27;[32mUser books a flight from &amp#27;[0m&amp#27;[32m&amp#27;[1m"India"&amp#27;[0m&amp#27;[32m to &amp#27;[0m&amp#27;[32m&amp#27;[1m"United States"&amp#27;[0m                                 &amp#27;[90m# airline.StepDefinitions.userBooksAFlightFromFlyingFromToFlyingTo(java.lang.String,java.lang.String)&amp#27;[0m
  &amp#27;[32mAnd &amp#27;[0m&amp#27;[32mSelects &amp#27;[0m&amp#27;[32m&amp#27;[1m"Business"&amp#27;[0m&amp#27;[32m class with &amp#27;[0m&amp#27;[32m&amp#27;[1m"Cabin"&amp#27;[0m&amp#27;[32m baggage&amp#27;[0m                                        &amp#27;[90m# airline.StepDefinitions.selectsClassClassWithBaggageBaggage(java.lang.String,java.lang.String)&amp#27;[0m
  &amp#27;[32mAnd &amp#27;[0m&amp#27;[32mProvides the details for &amp#27;[0m&amp#27;[32m&amp#27;[1m"More than 2"&amp#27;[0m&amp#27;[32m adult(s) with &amp#27;[0m&amp#27;[32m&amp#27;[1m"0"&amp#27;[0m&amp#27;[32m minor(s)&amp#27;[0m                    &amp#27;[90m# airline.StepDefinitions.providesTheDetailsForAdultsAdultsWithChildrenMinors(java.lang.String,java.lang.String)&amp#27;[0m
  &amp#27;[32mAnd &amp#27;[0m&amp#27;[32mChooses to pay with &amp#27;[0m&amp#27;[32m&amp#27;[1m"Credit Card"&amp#27;[0m&amp#27;[32m and clicks Buy&amp#27;[0m                                     &amp#27;[90m# airline.StepDefinitions.choosesToPayWithPaymentMethodAndClicksBuy(java.lang.String)&amp#27;[0m
  &amp#27;[32mThen &amp#27;[0m&amp#27;[32mTicket reservation with the appropriate details appears in the reservation database&amp#27;[0m &amp#27;[90m# airline.StepDefinitions.ticket_reservation_with_the_appropriate_details_appears_in_the_reservation_database()&amp#27;[0m
]]></system-out>
  </testcase>
  <testcase name="Example #1.17" classname="Examples" time="0.0">
    <failure message="When travelling with children, custormer will not be able to pay with crypto" type="java.lang.AssertionError"><![CDATA[java.lang.AssertionError: When travelling with children, custormer will not be able to pay with crypto
	at airline.StepDefinitions.choosesToPayWithPaymentMethodAndClicksBuy(StepDefinitions.java:47)
	at ✽.Chooses to pay with "Crypto" and clicks Buy(classpath:airline/1_BKD1-1952.feature:46)
]]></failure>
    <system-out><![CDATA[
@TEST_BKD1-1952 @DemoDefault @TCD_Sync @TCD_Sync_Model_529
Scenario Outline: Valid Airplane Ticket Reservation_1                                      &amp#27;[90m# airline/1_BKD1-1952.feature:66&amp#27;[0m
  &amp#27;[32mGiven &amp#27;[0m&amp#27;[32mUser navigates to the ticket reservation application&amp#27;[0m                               &amp#27;[90m# airline.StepDefinitions.user_navigates_to_the_ticket_reservation_application()&amp#27;[0m
  &amp#27;[32mWhen &amp#27;[0m&amp#27;[32mUser books a flight from &amp#27;[0m&amp#27;[32m&amp#27;[1m"United States"&amp#27;[0m&amp#27;[32m to &amp#27;[0m&amp#27;[32m&amp#27;[1m"India"&amp#27;[0m                                 &amp#27;[90m# airline.StepDefinitions.userBooksAFlightFromFlyingFromToFlyingTo(java.lang.String,java.lang.String)&amp#27;[0m
  &amp#27;[32mAnd &amp#27;[0m&amp#27;[32mSelects &amp#27;[0m&amp#27;[32m&amp#27;[1m"Coach"&amp#27;[0m&amp#27;[32m class with &amp#27;[0m&amp#27;[32m&amp#27;[1m"Hold"&amp#27;[0m&amp#27;[32m baggage&amp#27;[0m                                            &amp#27;[90m# airline.StepDefinitions.selectsClassClassWithBaggageBaggage(java.lang.String,java.lang.String)&amp#27;[0m
  &amp#27;[32mAnd &amp#27;[0m&amp#27;[32mProvides the details for &amp#27;[0m&amp#27;[32m&amp#27;[1m"More than 2"&amp#27;[0m&amp#27;[32m adult(s) with &amp#27;[0m&amp#27;[32m&amp#27;[1m"More than 1"&amp#27;[0m&amp#27;[32m minor(s)&amp#27;[0m          &amp#27;[90m# airline.StepDefinitions.providesTheDetailsForAdultsAdultsWithChildrenMinors(java.lang.String,java.lang.String)&amp#27;[0m
  &amp#27;[31mAnd &amp#27;[0m&amp#27;[31mChooses to pay with &amp#27;[0m&amp#27;[31m&amp#27;[1m"Crypto"&amp#27;[0m&amp#27;[31m and clicks Buy&amp#27;[0m                                          &amp#27;[90m# airline.StepDefinitions.choosesToPayWithPaymentMethodAndClicksBuy(java.lang.String)&amp#27;[0m
      &amp#27;[31mjava.lang.AssertionError: When travelling with children, custormer will not be able to pay with crypto
	at airline.StepDefinitions.choosesToPayWithPaymentMethodAndClicksBuy(StepDefinitions.java:47)
	at ✽.Chooses to pay with "Crypto" and clicks Buy(classpath:airline/1_BKD1-1952.feature:46)
&amp#27;[0m
  &amp#27;[36mThen &amp#27;[0m&amp#27;[36mTicket reservation with the appropriate details appears in the reservation database&amp#27;[0m &amp#27;[90m# airline.StepDefinitions.ticket_reservation_with_the_appropriate_details_appears_in_the_reservation_database()&amp#27;[0m
]]></system-out>
  </testcase>
  <testcase name="Example #1.18" classname="Examples" time="0.011">
    <system-out><![CDATA[
@TEST_BKD1-1952 @DemoDefault @TCD_Sync @TCD_Sync_Model_529
Scenario Outline: Valid Airplane Ticket Reservation_1                                      &amp#27;[90m# airline/1_BKD1-1952.feature:67&amp#27;[0m
  &amp#27;[32mGiven &amp#27;[0m&amp#27;[32mUser navigates to the ticket reservation application&amp#27;[0m                               &amp#27;[90m# airline.StepDefinitions.user_navigates_to_the_ticket_reservation_application()&amp#27;[0m
  &amp#27;[32mWhen &amp#27;[0m&amp#27;[32mUser books a flight from &amp#27;[0m&amp#27;[32m&amp#27;[1m"India"&amp#27;[0m&amp#27;[32m to &amp#27;[0m&amp#27;[32m&amp#27;[1m"Portugal"&amp#27;[0m                                      &amp#27;[90m# airline.StepDefinitions.userBooksAFlightFromFlyingFromToFlyingTo(java.lang.String,java.lang.String)&amp#27;[0m
  &amp#27;[32mAnd &amp#27;[0m&amp#27;[32mSelects &amp#27;[0m&amp#27;[32m&amp#27;[1m"First"&amp#27;[0m&amp#27;[32m class with &amp#27;[0m&amp#27;[32m&amp#27;[1m"None"&amp#27;[0m&amp#27;[32m baggage&amp#27;[0m                                            &amp#27;[90m# airline.StepDefinitions.selectsClassClassWithBaggageBaggage(java.lang.String,java.lang.String)&amp#27;[0m
  &amp#27;[32mAnd &amp#27;[0m&amp#27;[32mProvides the details for &amp#27;[0m&amp#27;[32m&amp#27;[1m"1"&amp#27;[0m&amp#27;[32m adult(s) with &amp#27;[0m&amp#27;[32m&amp#27;[1m"1"&amp#27;[0m&amp#27;[32m minor(s)&amp#27;[0m                              &amp#27;[90m# airline.StepDefinitions.providesTheDetailsForAdultsAdultsWithChildrenMinors(java.lang.String,java.lang.String)&amp#27;[0m
  &amp#27;[32mAnd &amp#27;[0m&amp#27;[32mChooses to pay with &amp#27;[0m&amp#27;[32m&amp#27;[1m"Bank Transfer"&amp#27;[0m&amp#27;[32m and clicks Buy&amp#27;[0m                                   &amp#27;[90m# airline.StepDefinitions.choosesToPayWithPaymentMethodAndClicksBuy(java.lang.String)&amp#27;[0m
  &amp#27;[32mThen &amp#27;[0m&amp#27;[32mTicket reservation with the appropriate details appears in the reservation database&amp#27;[0m &amp#27;[90m# airline.StepDefinitions.ticket_reservation_with_the_appropriate_details_appears_in_the_reservation_database()&amp#27;[0m
]]></system-out>
  </testcase>
</testsuite>